\BOOKMARK [0][-]{chapter*.2}{\376\377\000A\000p\000r\000e\000s\000e\000n\000t\000a\000\347\000\343\000o}{}% 1
\BOOKMARK [0][-]{chapter.1}{\376\377\000S\000i\000m\000u\000l\000a\000\347\000\343\000o\000\040\000d\000e\000\040\000S\000i\000s\000t\000e\000m\000a\000s}{}% 2
\BOOKMARK [0][-]{chapter.2}{\376\377\000E\000f\000e\000i\000t\000o\000s\000\040\000d\000e\000\040\000P\000\363\000l\000o\000s\000\040\000e\000\040\000Z\000e\000r\000o\000s\000\040\000n\000a\000\040\000D\000i\000n\000\342\000m\000i\000c\000a}{}% 3
\BOOKMARK [1][-]{section.2.1}{\376\377\000A\000p\000r\000e\000s\000e\000n\000t\000a\000\347\000\343\000o\000\040\000d\000o\000\040\000L\000a\000b\000o\000r\000a\000t\000\363\000r\000i\000o}{chapter.2}% 4
\BOOKMARK [1][-]{section.2.2}{\376\377\000P\000r\000o\000c\000e\000d\000i\000m\000e\000n\000t\000o\000s}{chapter.2}% 5
\BOOKMARK [0][-]{chapter.3}{\376\377\000I\000d\000e\000n\000t\000i\000f\000i\000c\000a\000\347\000\343\000o\000\040\000d\000e\000\040\000S\000i\000s\000t\000e\000m\000a\000s}{}% 6
\BOOKMARK [1][-]{section.3.1}{\376\377\000A\000p\000r\000e\000s\000e\000n\000t\000a\000\347\000\343\000o\000\040\000d\000o\000\040\000L\000a\000b\000o\000r\000a\000t\000\363\000r\000i\000o}{chapter.3}% 7
\BOOKMARK [1][-]{section.3.2}{\376\377\000P\000r\000o\000c\000e\000d\000i\000m\000e\000n\000t\000o\000s}{chapter.3}% 8
\BOOKMARK [0][-]{chapter.4}{\376\377\000R\000a\000s\000t\000r\000e\000a\000m\000e\000n\000t\000o\000\040\000d\000e\000\040\000R\000e\000f\000e\000r\000\352\000n\000c\000i\000a\000s\000\040\000e\000\040\000R\000e\000j\000e\000i\000\347\000\343\000o\000\040\000d\000e\000\040\000P\000e\000r\000t\000u\000r\000b\000a\000\347\000\365\000e\000s\000\040\000-\000\040\000E\000r\000r\000o\000\040\000e\000m\000\040\000R\000e\000g\000i\000m\000e\000\040\000P\000e\000r\000m\000a\000n\000e\000n\000t\000e}{}% 9
\BOOKMARK [1][-]{section.4.1}{\376\377\000A\000p\000r\000e\000s\000e\000n\000t\000a\000\347\000\343\000o\000\040\000d\000o\000\040\000L\000a\000b\000o\000r\000a\000t\000\363\000r\000i\000o}{chapter.4}% 10
\BOOKMARK [1][-]{section.4.2}{\376\377\000P\000r\000o\000c\000e\000d\000i\000m\000e\000n\000t\000o\000s}{chapter.4}% 11
\BOOKMARK [0][-]{chapter.5}{\376\377\000P\000r\000o\000j\000e\000t\000o\000\040\000d\000e\000\040\000C\000o\000n\000t\000r\000o\000l\000a\000d\000o\000r\000e\000s\000\040\000p\000o\000r\000\040\000M\000\351\000t\000o\000d\000o\000s\000\040\000A\000l\000g\000\351\000b\000r\000i\000c\000o\000s}{}% 12
\BOOKMARK [0][-]{chapter.6}{\376\377\000L\000i\000n\000e\000a\000r\000i\000z\000a\000\347\000\343\000o\000\040\000d\000e\000\040\000S\000i\000s\000t\000e\000m\000a\000s\000\040\000N\000\343\000o\000-\000L\000i\000n\000e\000a\000r\000e\000s}{}% 13
\BOOKMARK [0][-]{chapter.7}{\376\377\000C\000o\000n\000t\000r\000o\000l\000e\000\040\000d\000e\000\040\000S\000i\000s\000t\000e\000m\000a\000s\000\040\000N\000\343\000o\000-\000L\000i\000n\000e\000a\000r\000e\000s}{}% 14
\BOOKMARK [0][-]{chapter.8}{\376\377\000A\000n\000\341\000l\000i\000s\000e\000\040\000p\000e\000l\000o\000\040\000L\000u\000g\000a\000r\000\040\000d\000a\000s\000\040\000R\000a\000\355\000z\000e\000s}{}% 15
\BOOKMARK [0][-]{chapter.9}{\376\377\000P\000r\000o\000j\000e\000t\000o\000\040\000d\000e\000\040\000C\000o\000n\000t\000r\000o\000l\000a\000d\000o\000r\000e\000s\000\040\000p\000e\000l\000o\000\040\000L\000u\000g\000a\000r\000\040\000d\000a\000s\000\040\000R\000a\000\355\000z\000e\000s}{}% 16
\BOOKMARK [0][-]{chapter.10}{\376\377\000P\000r\000o\000j\000e\000t\000o\000\040\000d\000o\000\040\000c\000o\000n\000t\000r\000o\000l\000a\000d\000o\000r\000\040\000a\000t\000r\000a\000s\000o\000\040\000d\000e\000\040\000f\000a\000s\000e}{}% 17
\BOOKMARK [0][-]{chapter.11}{\376\377\000A\000n\000\341\000l\000i\000s\000e\000\040\000p\000e\000l\000o\000s\000\040\000D\000i\000a\000g\000r\000a\000m\000a\000s\000\040\000d\000e\000\040\000B\000o\000d\000e\000\040\000e\000\040\000N\000y\000q\000u\000i\000s\000t}{}% 18
\BOOKMARK [0][-]{chapter.12}{\376\377\000P\000r\000o\000j\000e\000t\000o\000\040\000d\000e\000\040\000C\000o\000n\000t\000r\000o\000l\000a\000d\000o\000r\000e\000s\000\040\000p\000e\000l\000o\000\040\000D\000i\000a\000g\000r\000a\000m\000a\000\040\000d\000e\000\040\000B\000o\000d\000e}{}% 19
\BOOKMARK [0][-]{chapter.13}{\376\377\000D\000i\000g\000i\000t\000a\000l\000i\000z\000a\000\347\000\343\000o\000\040\000d\000e\000\040\000C\000o\000n\000t\000r\000o\000l\000a\000d\000o\000r\000e\000s\000\040\000A\000n\000a\000l\000\363\000g\000i\000c\000o\000s}{}% 20
