This is XeTeX, Version 3.14159265-2.6-0.999992 (TeX Live 2020/W32TeX) (preloaded format=xelatex 2020.11.1)  30 NOV 2020 23:15
entering extended mode
 restricted \write18 enabled.
 %&-line parsing enabled.
**SisCont_Labs.tex
(./SisCont_Labs.tex
LaTeX2e <2020-10-01> patch level 2
L3 programming layer <2020-10-27> xparse <2020-03-03> (c:/Users/djow_/AppData/R
oaming/TinyTeX/texmf-dist/tex/latex/base/book.cls
Document Class: book 2020/04/10 v1.4m Standard LaTeX document class
(c:/Users/djow_/AppData/Roaming/TinyTeX/texmf-dist/tex/latex/base/bk10.clo
File: bk10.clo 2020/04/10 v1.4m Standard LaTeX file (size option)
)
\c@part=\count171
\c@chapter=\count172
\c@section=\count173
\c@subsection=\count174
\c@subsubsection=\count175
\c@paragraph=\count176
\c@subparagraph=\count177
\c@figure=\count178
\c@table=\count179
\abovecaptionskip=\skip47
\belowcaptionskip=\skip48
\bibindent=\dimen138
) (c:/Users/djow_/AppData/Roaming/TinyTeX/texmf-dist/tex/latex/lm/lmodern.sty
Package: lmodern 2009/10/30 v1.6 Latin Modern Fonts
LaTeX Font Info:    Overwriting symbol font `operators' in version `normal'
(Font)                  OT1/cmr/m/n --> OT1/lmr/m/n on input line 22.
LaTeX Font Info:    Overwriting symbol font `letters' in version `normal'
(Font)                  OML/cmm/m/it --> OML/lmm/m/it on input line 23.
LaTeX Font Info:    Overwriting symbol font `symbols' in version `normal'
(Font)                  OMS/cmsy/m/n --> OMS/lmsy/m/n on input line 24.
LaTeX Font Info:    Overwriting symbol font `largesymbols' in version `normal'
(Font)                  OMX/cmex/m/n --> OMX/lmex/m/n on input line 25.
LaTeX Font Info:    Overwriting symbol font `operators' in version `bold'
(Font)                  OT1/cmr/bx/n --> OT1/lmr/bx/n on input line 26.
LaTeX Font Info:    Overwriting symbol font `letters' in version `bold'
(Font)                  OML/cmm/b/it --> OML/lmm/b/it on input line 27.
LaTeX Font Info:    Overwriting symbol font `symbols' in version `bold'
(Font)                  OMS/cmsy/b/n --> OMS/lmsy/b/n on input line 28.
LaTeX Font Info:    Overwriting symbol font `largesymbols' in version `bold'
(Font)                  OMX/cmex/m/n --> OMX/lmex/m/n on input line 29.
LaTeX Font Info:    Overwriting math alphabet `\mathbf' in version `normal'
(Font)                  OT1/cmr/bx/n --> OT1/lmr/bx/n on input line 31.
LaTeX Font Info:    Overwriting math alphabet `\mathsf' in version `normal'
(Font)                  OT1/cmss/m/n --> OT1/lmss/m/n on input line 32.
LaTeX Font Info:    Overwriting math alphabet `\mathit' in version `normal'
(Font)                  OT1/cmr/m/it --> OT1/lmr/m/it on input line 33.
LaTeX Font Info:    Overwriting math alphabet `\mathtt' in version `normal'
(Font)                  OT1/cmtt/m/n --> OT1/lmtt/m/n on input line 34.
LaTeX Font Info:    Overwriting math alphabet `\mathbf' in version `bold'
(Font)                  OT1/cmr/bx/n --> OT1/lmr/bx/n on input line 35.
LaTeX Font Info:    Overwriting math alphabet `\mathsf' in version `bold'
(Font)                  OT1/cmss/bx/n --> OT1/lmss/bx/n on input line 36.
LaTeX Font Info:    Overwriting math alphabet `\mathit' in version `bold'
(Font)                  OT1/cmr/bx/it --> OT1/lmr/bx/it on input line 37.
LaTeX Font Info:    Overwriting math alphabet `\mathtt' in version `bold'
(Font)                  OT1/cmtt/m/n --> OT1/lmtt/m/n on input line 38.
)
(c:/Users/djow_/AppData/Roaming/TinyTeX/texmf-dist/tex/latex/amsfonts/amssymb.s
ty
Package: amssymb 2013/01/14 v3.01 AMS font symbols

(c:/Users/djow_/AppData/Roaming/TinyTeX/texmf-dist/tex/latex/amsfonts/amsfonts.
sty
Package: amsfonts 2013/01/14 v3.01 Basic AMSFonts support
\@emptytoks=\toks15
\symAMSa=\mathgroup4
\symAMSb=\mathgroup5
LaTeX Font Info:    Redeclaring math symbol \hbar on input line 98.
LaTeX Font Info:    Overwriting math alphabet `\mathfrak' in version `bold'
(Font)                  U/euf/m/n --> U/euf/b/n on input line 106.
))
(c:/Users/djow_/AppData/Roaming/TinyTeX/texmf-dist/tex/latex/amsmath/amsmath.st
y
Package: amsmath 2020/09/23 v2.17i AMS math features
\@mathmargin=\skip49
For additional information on amsmath, use the `?' option.

(c:/Users/djow_/AppData/Roaming/TinyTeX/texmf-dist/tex/latex/amsmath/amstext.st
y
Package: amstext 2000/06/29 v2.01 AMS text

(c:/Users/djow_/AppData/Roaming/TinyTeX/texmf-dist/tex/latex/amsmath/amsgen.sty
File: amsgen.sty 1999/11/30 v2.0 generic functions
\@emptytoks=\toks16
\ex@=\dimen139
))
(c:/Users/djow_/AppData/Roaming/TinyTeX/texmf-dist/tex/latex/amsmath/amsbsy.sty
Package: amsbsy 1999/11/29 v1.2d Bold Symbols
\pmbraise@=\dimen140
)
(c:/Users/djow_/AppData/Roaming/TinyTeX/texmf-dist/tex/latex/amsmath/amsopn.sty
Package: amsopn 2016/03/08 v2.02 operator names
)
\inf@bad=\count180
LaTeX Info: Redefining \frac on input line 234.
\uproot@=\count181
\leftroot@=\count182
LaTeX Info: Redefining \overline on input line 399.
\classnum@=\count183
\DOTSCASE@=\count184
LaTeX Info: Redefining \ldots on input line 496.
LaTeX Info: Redefining \dots on input line 499.
LaTeX Info: Redefining \cdots on input line 620.
\Mathstrutbox@=\box47
\strutbox@=\box48
\big@size=\dimen141
LaTeX Font Info:    Redeclaring font encoding OML on input line 743.
LaTeX Font Info:    Redeclaring font encoding OMS on input line 744.
\macc@depth=\count185
\c@MaxMatrixCols=\count186
\dotsspace@=\muskip16
\c@parentequation=\count187
\dspbrk@lvl=\count188
\tag@help=\toks17
\row@=\count189
\column@=\count190
\maxfields@=\count191
\andhelp@=\toks18
\eqnshift@=\dimen142
\alignsep@=\dimen143
\tagshift@=\dimen144
\tagwidth@=\dimen145
\totwidth@=\dimen146
\lineht@=\dimen147
\@envbody=\toks19
\multlinegap=\skip50
\multlinetaggap=\skip51
\mathdisplay@stack=\toks20
LaTeX Info: Redefining \[ on input line 2923.
LaTeX Info: Redefining \] on input line 2924.
)
(c:/Users/djow_/AppData/Roaming/TinyTeX/texmf-dist/tex/generic/iftex/ifxetex.st
y
Package: ifxetex 2019/10/25 v0.7 ifxetex legacy package. Use iftex instead.
(c:/Users/djow_/AppData/Roaming/TinyTeX/texmf-dist/tex/generic/iftex/iftex.sty
Package: iftex 2020/03/06 v1.0d TeX engine tests
))
(c:/Users/djow_/AppData/Roaming/TinyTeX/texmf-dist/tex/generic/iftex/ifluatex.s
ty
Package: ifluatex 2019/10/25 v1.5 ifluatex legacy package. Use iftex instead.
)
(c:/Users/djow_/AppData/Roaming/TinyTeX/texmf-dist/tex/latex/unicode-math/unico
de-math.sty
(c:/Users/djow_/AppData/Roaming/TinyTeX/texmf-dist/tex/latex/l3kernel/expl3.sty
Package: expl3 2020-10-27 L3 programming layer (loader) 

(c:/Users/djow_/AppData/Roaming/TinyTeX/texmf-dist/tex/latex/l3backend/l3backen
d-xetex.def
File: l3backend-xetex.def 2020-09-24 L3 backend support: XeTeX
\g__graphics_track_int=\count192
\l__pdf_internal_box=\box49
\g__pdf_backend_object_int=\count193
\g__pdf_backend_annotation_int=\count194
))
Package: unicode-math 2020/01/31 v0.8q Unicode maths in XeLaTeX and LuaLaTeX

(c:/Users/djow_/AppData/Roaming/TinyTeX/texmf-dist/tex/latex/unicode-math/unico
de-math-xetex.sty
Package: unicode-math-xetex 2020/01/31 v0.8q Unicode maths in XeLaTeX and LuaLa
TeX

(c:/Users/djow_/AppData/Roaming/TinyTeX/texmf-dist/tex/latex/l3packages/xparse/
xparse.sty
Package: xparse 2020-10-27 L3 Experimental document command parser

(c:/Users/djow_/AppData/Roaming/TinyTeX/texmf-dist/tex/latex/l3packages/xparse/
xparse-generic.tex))
(c:/Users/djow_/AppData/Roaming/TinyTeX/texmf-dist/tex/latex/l3packages/l3keys2
e/l3keys2e.sty
Package: l3keys2e 2020-10-27 LaTeX2e option processing using LaTeX3 keys
)
(c:/Users/djow_/AppData/Roaming/TinyTeX/texmf-dist/tex/latex/fontspec/fontspec.
sty
Package: fontspec 2020/02/21 v2.7i Font selection for XeLaTeX and LuaLaTeX

(c:/Users/djow_/AppData/Roaming/TinyTeX/texmf-dist/tex/latex/fontspec/fontspec-
xetex.sty
Package: fontspec-xetex 2020/02/21 v2.7i Font selection for XeLaTeX and LuaLaTe
X
\l__fontspec_script_int=\count195
\l__fontspec_language_int=\count196
\l__fontspec_strnum_int=\count197
\l__fontspec_tmp_int=\count198
\l__fontspec_tmpa_int=\count199
\l__fontspec_tmpb_int=\count266
\l__fontspec_tmpc_int=\count267
\l__fontspec_em_int=\count268
\l__fontspec_emdef_int=\count269
\l__fontspec_strong_int=\count270
\l__fontspec_strongdef_int=\count271
\l__fontspec_tmpa_dim=\dimen148
\l__fontspec_tmpb_dim=\dimen149
\l__fontspec_tmpc_dim=\dimen150
(c:/Users/djow_/AppData/Roaming/TinyTeX/texmf-dist/tex/latex/base/fontenc.sty
Package: fontenc 2020/08/10 v2.0s Standard LaTeX package
)
(c:/Users/djow_/AppData/Roaming/TinyTeX/texmf-dist/tex/latex/fontspec/fontspec.
cfg))) (c:/Users/djow_/AppData/Roaming/TinyTeX/texmf-dist/tex/latex/base/fix-cm
.sty
Package: fix-cm 2015/01/14 v1.1t fixes to LaTeX
(c:/Users/djow_/AppData/Roaming/TinyTeX/texmf-dist/tex/latex/base/ts1enc.def
File: ts1enc.def 2001/06/05 v3.0e (jk/car/fm) Standard LaTeX file
LaTeX Font Info:    Redeclaring font encoding TS1 on input line 47.
))
\g__um_fam_int=\count272
\g__um_fonts_used_int=\count273
\l__um_primecount_int=\count274
\g__um_primekern_muskip=\muskip17

(c:/Users/djow_/AppData/Roaming/TinyTeX/texmf-dist/tex/latex/unicode-math/unico
de-math-table.tex))) (c:/Users/djow_/AppData/Roaming/TinyTeX/texmf-dist/tex/lat
ex/xcolor/xcolor.sty
Package: xcolor 2016/05/11 v2.12 LaTeX color extensions (UK)

(c:/Users/djow_/AppData/Roaming/TinyTeX/texmf-dist/tex/latex/graphics-cfg/color
.cfg
File: color.cfg 2016/01/02 v1.6 sample color configuration
)
Package xcolor Info: Driver file: xetex.def on input line 225.

(c:/Users/djow_/AppData/Roaming/TinyTeX/texmf-dist/tex/latex/graphics-def/xetex
.def
File: xetex.def 2020/08/26 v5.0i Graphics/color driver for xetex
)
Package xcolor Info: Model `cmy' substituted by `cmy0' on input line 1348.
Package xcolor Info: Model `RGB' extended on input line 1364.
Package xcolor Info: Model `HTML' substituted by `rgb' on input line 1366.
Package xcolor Info: Model `Hsb' substituted by `hsb' on input line 1367.
Package xcolor Info: Model `tHsb' substituted by `hsb' on input line 1368.
Package xcolor Info: Model `HSB' substituted by `hsb' on input line 1369.
Package xcolor Info: Model `Gray' substituted by `gray' on input line 1370.
Package xcolor Info: Model `wave' substituted by `hsb' on input line 1371.
)
(c:/Users/djow_/AppData/Roaming/TinyTeX/texmf-dist/tex/latex/hyperref/hyperref.
sty
Package: hyperref 2020-05-15 v7.00e Hypertext links for LaTeX

(c:/Users/djow_/AppData/Roaming/TinyTeX/texmf-dist/tex/generic/ltxcmds/ltxcmds.
sty
Package: ltxcmds 2020-05-10 v1.25 LaTeX kernel commands for general use (HO)
)
(c:/Users/djow_/AppData/Roaming/TinyTeX/texmf-dist/tex/generic/pdftexcmds/pdfte
xcmds.sty
Package: pdftexcmds 2020-06-27 v0.33 Utility functions of pdfTeX for LuaTeX (HO
)

(c:/Users/djow_/AppData/Roaming/TinyTeX/texmf-dist/tex/generic/infwarerr/infwar
err.sty
Package: infwarerr 2019/12/03 v1.5 Providing info/warning/error messages (HO)
)
Package pdftexcmds Info: \pdf@primitive is available.
Package pdftexcmds Info: \pdf@ifprimitive is available.
Package pdftexcmds Info: \pdfdraftmode not found.
)
(c:/Users/djow_/AppData/Roaming/TinyTeX/texmf-dist/tex/latex/graphics/keyval.st
y
Package: keyval 2014/10/28 v1.15 key=value parser (DPC)
\KV@toks@=\toks21
)
(c:/Users/djow_/AppData/Roaming/TinyTeX/texmf-dist/tex/generic/kvsetkeys/kvsetk
eys.sty
Package: kvsetkeys 2019/12/15 v1.18 Key value parser (HO)
)
(c:/Users/djow_/AppData/Roaming/TinyTeX/texmf-dist/tex/generic/kvdefinekeys/kvd
efinekeys.sty
Package: kvdefinekeys 2019-12-19 v1.6 Define keys (HO)
)
(c:/Users/djow_/AppData/Roaming/TinyTeX/texmf-dist/tex/generic/pdfescape/pdfesc
ape.sty
Package: pdfescape 2019/12/09 v1.15 Implements pdfTeX's escape features (HO)
)
(c:/Users/djow_/AppData/Roaming/TinyTeX/texmf-dist/tex/latex/hycolor/hycolor.st
y
Package: hycolor 2020-01-27 v1.10 Color options for hyperref/bookmark (HO)
)
(c:/Users/djow_/AppData/Roaming/TinyTeX/texmf-dist/tex/latex/letltxmacro/letltx
macro.sty
Package: letltxmacro 2019/12/03 v1.6 Let assignment for LaTeX macros (HO)
)
(c:/Users/djow_/AppData/Roaming/TinyTeX/texmf-dist/tex/latex/auxhook/auxhook.st
y
Package: auxhook 2019-12-17 v1.6 Hooks for auxiliary files (HO)
)
(c:/Users/djow_/AppData/Roaming/TinyTeX/texmf-dist/tex/latex/kvoptions/kvoption
s.sty
Package: kvoptions 2020-10-07 v3.14 Key value format for package options (HO)
)
\@linkdim=\dimen151
\Hy@linkcounter=\count275
\Hy@pagecounter=\count276

(c:/Users/djow_/AppData/Roaming/TinyTeX/texmf-dist/tex/latex/hyperref/pd1enc.de
f
File: pd1enc.def 2020-05-15 v7.00e Hyperref: PDFDocEncoding definition (HO)
)
(c:/Users/djow_/AppData/Roaming/TinyTeX/texmf-dist/tex/generic/intcalc/intcalc.
sty
Package: intcalc 2019/12/15 v1.3 Expandable calculations with integers (HO)
)
(c:/Users/djow_/AppData/Roaming/TinyTeX/texmf-dist/tex/generic/etexcmds/etexcmd
s.sty
Package: etexcmds 2019/12/15 v1.7 Avoid name clashes with e-TeX commands (HO)
)
\Hy@SavedSpaceFactor=\count277
Package hyperref Info: Option `unicode' set `true' on input line 4338.

(c:/Users/djow_/AppData/Roaming/TinyTeX/texmf-dist/tex/latex/hyperref/puenc.def
File: puenc.def 2020-05-15 v7.00e Hyperref: PDF Unicode definition (HO)
)
Package hyperref Info: Hyper figures OFF on input line 4464.
Package hyperref Info: Link nesting OFF on input line 4469.
Package hyperref Info: Hyper index ON on input line 4472.
Package hyperref Info: Plain pages OFF on input line 4479.
Package hyperref Info: Backreferencing OFF on input line 4484.
Package hyperref Info: Implicit mode ON; LaTeX internals redefined.
Package hyperref Info: Bookmarks ON on input line 4717.
\c@Hy@tempcnt=\count278
(c:/Users/djow_/AppData/Roaming/TinyTeX/texmf-dist/tex/latex/url/url.sty
\Urlmuskip=\muskip18
Package: url 2013/09/16  ver 3.4  Verb mode for urls, etc.
)
LaTeX Info: Redefining \url on input line 5076.
\XeTeXLinkMargin=\dimen152

(c:/Users/djow_/AppData/Roaming/TinyTeX/texmf-dist/tex/generic/bitset/bitset.st
y
Package: bitset 2019/12/09 v1.3 Handle bit-vector datatype (HO)

(c:/Users/djow_/AppData/Roaming/TinyTeX/texmf-dist/tex/generic/bigintcalc/bigin
tcalc.sty
Package: bigintcalc 2019/12/15 v1.5 Expandable calculations on big integers (HO
)
))
\Fld@menulength=\count279
\Field@Width=\dimen153
\Fld@charsize=\dimen154
Package hyperref Info: Hyper figures OFF on input line 6347.
Package hyperref Info: Link nesting OFF on input line 6352.
Package hyperref Info: Hyper index ON on input line 6355.
Package hyperref Info: backreferencing OFF on input line 6362.
Package hyperref Info: Link coloring OFF on input line 6367.
Package hyperref Info: Link coloring with OCG OFF on input line 6372.
Package hyperref Info: PDF/A mode OFF on input line 6377.
LaTeX Info: Redefining \ref on input line 6417.
LaTeX Info: Redefining \pageref on input line 6421.

(c:/Users/djow_/AppData/Roaming/TinyTeX/texmf-dist/tex/latex/base/atbegshi-ltx.
sty
Package: atbegshi-ltx 2020/08/17 v1.0a Emulation of the original atbegshi packa
ge
with kernel methods
)
\Hy@abspage=\count280
\c@Item=\count281
\c@Hfootnote=\count282
)
Package hyperref Info: Driver (autodetected): hxetex.

(c:/Users/djow_/AppData/Roaming/TinyTeX/texmf-dist/tex/latex/hyperref/hxetex.de
f
File: hxetex.def 2020-05-15 v7.00e Hyperref driver for XeTeX

(c:/Users/djow_/AppData/Roaming/TinyTeX/texmf-dist/tex/generic/stringenc/string
enc.sty
Package: stringenc 2019/11/29 v1.12 Convert strings between diff. encodings (HO
)
)
\pdfm@box=\box50
\c@Hy@AnnotLevel=\count283
\HyField@AnnotCount=\count284
\Fld@listcount=\count285
\c@bookmark@seq@number=\count286

(c:/Users/djow_/AppData/Roaming/TinyTeX/texmf-dist/tex/latex/rerunfilecheck/rer
unfilecheck.sty
Package: rerunfilecheck 2019/12/05 v1.9 Rerun checks for auxiliary files (HO)

(c:/Users/djow_/AppData/Roaming/TinyTeX/texmf-dist/tex/latex/base/atveryend-ltx
.sty
Package: atveryend-ltx 2020/08/19 v1.0a Emulation of the original atvery packag
e
with kernel methods
)
(c:/Users/djow_/AppData/Roaming/TinyTeX/texmf-dist/tex/generic/uniquecounter/un
iquecounter.sty
Package: uniquecounter 2019/12/15 v1.4 Provide unlimited unique counter (HO)
)
Package uniquecounter Info: New unique counter `rerunfilecheck' on input line 2
86.
)
\Hy@SectionHShift=\skip52
)
(c:/Users/djow_/AppData/Roaming/TinyTeX/texmf-dist/tex/latex/fancyvrb/fancyvrb.
sty
Package: fancyvrb 2020/05/03 v3.6 verbatim text (tvz,hv)
\FV@CodeLineNo=\count287
\FV@InFile=\read2
\FV@TabBox=\box51
\c@FancyVerbLine=\count288
\FV@StepNumber=\count289
\FV@OutFile=\write3
) (c:/Users/djow_/AppData/Roaming/TinyTeX/texmf-dist/tex/latex/framed/framed.st
y
Package: framed 2011/10/22 v 0.96: framed or shaded text with page breaks
\OuterFrameSep=\skip53
\fb@frw=\dimen155
\fb@frh=\dimen156
\FrameRule=\dimen157
\FrameSep=\dimen158
)
(c:/Users/djow_/AppData/Roaming/TinyTeX/texmf-dist/tex/latex/tools/longtable.st
y
Package: longtable 2020/01/07 v4.13 Multi-page Table package (DPC)
\LTleft=\skip54
\LTright=\skip55
\LTpre=\skip56
\LTpost=\skip57
\LTchunksize=\count290
\LTcapwidth=\dimen159
\LT@head=\box52
\LT@firsthead=\box53
\LT@foot=\box54
\LT@lastfoot=\box55
\LT@cols=\count291
\LT@rows=\count292
\c@LT@tables=\count293
\c@LT@chunks=\count294
\LT@p@ftn=\toks22
)
(c:/Users/djow_/AppData/Roaming/TinyTeX/texmf-dist/tex/latex/booktabs/booktabs.
sty
Package: booktabs 2020/01/12 v1.61803398 Publication quality tables
\heavyrulewidth=\dimen160
\lightrulewidth=\dimen161
\cmidrulewidth=\dimen162
\belowrulesep=\dimen163
\belowbottomsep=\dimen164
\aboverulesep=\dimen165
\abovetopsep=\dimen166
\cmidrulesep=\dimen167
\cmidrulekern=\dimen168
\defaultaddspace=\dimen169
\@cmidla=\count295
\@cmidlb=\count296
\@aboverulesep=\dimen170
\@belowrulesep=\dimen171
\@thisruleclass=\count297
\@lastruleclass=\count298
\@thisrulewidth=\dimen172
)
(c:/Users/djow_/AppData/Roaming/TinyTeX/texmf-dist/tex/latex/etoolbox/etoolbox.
sty
Package: etoolbox 2020/10/05 v2.5k e-TeX tools for LaTeX (JAW)
\etb@tempcnta=\count299
)
(c:/Users/djow_/AppData/Roaming/TinyTeX/texmf-dist/tex/latex/mdwtools/footnote.
sty
Package: footnote 1997/01/28 1.13 Save footnotes around boxes
\fn@notes=\box56
\fn@width=\dimen173
)
(c:/Users/djow_/AppData/Roaming/TinyTeX/texmf-dist/tex/latex/graphics/graphicx.
sty
Package: graphicx 2020/09/09 v1.2b Enhanced LaTeX Graphics (DPC,SPQR)

(c:/Users/djow_/AppData/Roaming/TinyTeX/texmf-dist/tex/latex/graphics/graphics.
sty
Package: graphics 2020/08/30 v1.4c Standard LaTeX Graphics (DPC,SPQR)
(c:/Users/djow_/AppData/Roaming/TinyTeX/texmf-dist/tex/latex/graphics/trig.sty
Package: trig 2016/01/03 v1.10 sin cos tan (DPC)
)
(c:/Users/djow_/AppData/Roaming/TinyTeX/texmf-dist/tex/latex/graphics-cfg/graph
ics.cfg
File: graphics.cfg 2016/06/04 v1.11 sample graphics configuration
)
Package graphics Info: Driver file: xetex.def on input line 105.
)
\Gin@req@height=\dimen174
\Gin@req@width=\dimen175
)
(c:/Users/djow_/AppData/Roaming/TinyTeX/texmf-dist/tex/latex/grffile/grffile.st
y
Package: grffile 2019/11/11 v2.1 Extended file name support for graphics (legac
y)
Package grffile Info: This package is an empty stub for compatibility on input 
line 40.
) (c:/Users/djow_/AppData/Roaming/TinyTeX/texmf-dist/tex/latex/natbib/natbib.st
y
Package: natbib 2010/09/13 8.31b (PWD, AO)
\bibhang=\skip58
\bibsep=\skip59
LaTeX Info: Redefining \cite on input line 694.
\c@NAT@ctr=\count300
) (c:/Users/djow_/AppData/Roaming/TinyTeX/texmf-dist/tex/latex/amscls/amsthm.st
y
Package: amsthm 2020/05/29 v2.20.6
\thm@style=\toks23
\thm@bodyfont=\toks24
\thm@headfont=\toks25
\thm@notefont=\toks26
\thm@headpunct=\toks27
\thm@preskip=\skip60
\thm@postskip=\skip61
\thm@headsep=\skip62
\dth@everypar=\toks28
)
\c@theorem=\count301
\c@lemma=\count302
\c@corollary=\count303
\c@proposition=\count304
\c@conjecture=\count305
\c@definition=\count306
\c@example=\count307
\c@exercise=\count308
(./SisCont_Labs.aux)
\openout1 = `SisCont_Labs.aux'.

LaTeX Font Info:    Checking defaults for OML/cmm/m/it on input line 133.
LaTeX Font Info:    ... okay on input line 133.
LaTeX Font Info:    Checking defaults for OMS/cmsy/m/n on input line 133.
LaTeX Font Info:    ... okay on input line 133.
LaTeX Font Info:    Checking defaults for OT1/cmr/m/n on input line 133.
LaTeX Font Info:    ... okay on input line 133.
LaTeX Font Info:    Checking defaults for T1/cmr/m/n on input line 133.
LaTeX Font Info:    ... okay on input line 133.
LaTeX Font Info:    Checking defaults for TS1/cmr/m/n on input line 133.
LaTeX Font Info:    ... okay on input line 133.
LaTeX Font Info:    Checking defaults for TU/lmr/m/n on input line 133.
LaTeX Font Info:    ... okay on input line 133.
LaTeX Font Info:    Checking defaults for OMX/cmex/m/n on input line 133.
LaTeX Font Info:    ... okay on input line 133.
LaTeX Font Info:    Checking defaults for U/cmr/m/n on input line 133.
LaTeX Font Info:    ... okay on input line 133.
LaTeX Font Info:    Checking defaults for PD1/pdf/m/n on input line 133.
LaTeX Font Info:    ... okay on input line 133.
LaTeX Font Info:    Checking defaults for PU/pdf/m/n on input line 133.
LaTeX Font Info:    ... okay on input line 133.
LaTeX Font Info:    Overwriting math alphabet `\mathrm' in version `normal'
(Font)                  OT1/lmr/m/n --> TU/lmr/m/n on input line 133.
LaTeX Font Info:    Overwriting math alphabet `\mathit' in version `normal'
(Font)                  OT1/lmr/m/it --> TU/lmr/m/it on input line 133.
LaTeX Font Info:    Overwriting math alphabet `\mathbf' in version `normal'
(Font)                  OT1/lmr/bx/n --> TU/lmr/bx/n on input line 133.
LaTeX Font Info:    Overwriting math alphabet `\mathsf' in version `normal'
(Font)                  OT1/lmss/m/n --> TU/lmss/m/n on input line 133.
LaTeX Font Info:    Overwriting math alphabet `\mathsf' in version `bold'
(Font)                  OT1/lmss/bx/n --> TU/lmss/bx/n on input line 133.
LaTeX Font Info:    Overwriting math alphabet `\mathtt' in version `normal'
(Font)                  OT1/lmtt/m/n --> TU/lmtt/m/n on input line 133.
LaTeX Font Info:    Overwriting math alphabet `\mathtt' in version `bold'
(Font)                  OT1/lmtt/m/n --> TU/lmtt/bx/n on input line 133.

Package fontspec Info: latinmodern-math scale = 0.9999964596882403.


Package fontspec Info: latinmodern-math scale = 0.9999964596882403.


Package fontspec Info: latinmodern-math scale = 0.9999964596882403.


Package fontspec Info: Font family 'latinmodern-math.otf(0)' created for font
(fontspec)             'latinmodern-math.otf' with options
(fontspec)             [Scale=MatchLowercase,BoldItalicFont={},ItalicFont={},Sm
allCapsFont={},Script=Math,BoldFont={latinmodern-math.otf}].
(fontspec)              
(fontspec)              This font family consists of the following NFSS
(fontspec)             series/shapes:
(fontspec)              
(fontspec)             - 'normal' (m/n) with NFSS spec.:
(fontspec)             <->s*[0.9999964596882403]"[latinmodern-math.otf]/OT:scri
pt=math;language=dflt;"
(fontspec)             - 'small caps'  (m/sc) with NFSS spec.: 
(fontspec)             - 'bold' (b/n) with NFSS spec.:
(fontspec)             <->s*[0.9999964596882403]"[latinmodern-math.otf]/OT:scri
pt=math;language=dflt;"
(fontspec)             - 'bold small caps'  (b/sc) with NFSS spec.: 

LaTeX Font Info:    Font shape `TU/latinmodern-math.otf(0)/m/n' will be
(Font)              scaled to size 10.0pt on input line 133.

Package fontspec Info: latinmodern-math scale = 0.9999964596882403.


Package fontspec Info: latinmodern-math scale = 0.9999964596882403.


Package fontspec Info: latinmodern-math scale = 0.9999964596882403.


Package fontspec Info: latinmodern-math scale = 0.9999964596882403.


Package fontspec Info: latinmodern-math scale = 0.9999964596882403.


Package fontspec Info: Font family 'latinmodern-math.otf(1)' created for font
(fontspec)             'latinmodern-math.otf' with options
(fontspec)             [Scale=MatchLowercase,BoldItalicFont={},ItalicFont={},Sm
allCapsFont={},Script=Math,SizeFeatures={{Size=8.5-},{Size=6-8.5,Font=latinmode
rn-math.otf,Style=MathScript},{Size=-6,Font=latinmodern-math.otf,Style=MathScri
ptScript}},BoldFont={latinmodern-math.otf}].
(fontspec)              
(fontspec)              This font family consists of the following NFSS
(fontspec)             series/shapes:
(fontspec)              
(fontspec)             - 'normal' (m/n) with NFSS spec.:
(fontspec)             <8.5->s*[0.9999964596882403]"[latinmodern-math.otf]/OT:s
cript=math;language=dflt;"<6-8.5>s*[0.9999964596882403]"[latinmodern-math.otf]/
OT:script=math;language=dflt;+ssty=0;"<-6>s*[0.9999964596882403]"[latinmodern-m
ath.otf]/OT:script=math;language=dflt;+ssty=1;"
(fontspec)             - 'small caps'  (m/sc) with NFSS spec.: 
(fontspec)             - 'bold' (b/n) with NFSS spec.:
(fontspec)             <->s*[0.9999964596882403]"[latinmodern-math.otf]/OT:scri
pt=math;language=dflt;"
(fontspec)             - 'bold small caps'  (b/sc) with NFSS spec.: 

LaTeX Font Info:    Font shape `TU/latinmodern-math.otf(1)/m/n' will be
(Font)              scaled to size 10.0pt on input line 133.
LaTeX Font Info:    Encoding `OT1' has changed to `TU' for symbol font
(Font)              `operators' in the math version `normal' on input line 133.

LaTeX Font Info:    Overwriting symbol font `operators' in version `normal'
(Font)                  OT1/lmr/m/n --> TU/latinmodern-math.otf(1)/m/n on input
 line 133.
LaTeX Font Info:    Encoding `OT1' has changed to `TU' for symbol font
(Font)              `operators' in the math version `bold' on input line 133.
LaTeX Font Info:    Overwriting symbol font `operators' in version `bold'
(Font)                  OT1/lmr/bx/n --> TU/latinmodern-math.otf(1)/b/n on inpu
t line 133.

Package fontspec Info: latinmodern-math scale = 0.9999964596882403.


Package fontspec Info: latinmodern-math scale = 1.000096459334209.


Package fontspec Info: latinmodern-math scale = 0.9999964596882403.


Package fontspec Info: latinmodern-math scale = 1.000096459334209.


Package fontspec Info: latinmodern-math scale = 0.9999964596882403.


Package fontspec Info: latinmodern-math scale = 1.000096459334209.


Package fontspec Info: latinmodern-math scale = 0.9999964596882403.


Package fontspec Info: latinmodern-math scale = 1.000096459334209.


Package fontspec Info: latinmodern-math scale = 0.9999964596882403.


Package fontspec Info: latinmodern-math scale = 1.000096459334209.


Package fontspec Info: Font family 'latinmodern-math.otf(2)' created for font
(fontspec)             'latinmodern-math.otf' with options
(fontspec)             [Scale=MatchLowercase,BoldItalicFont={},ItalicFont={},Sm
allCapsFont={},Script=Math,SizeFeatures={{Size=8.5-},{Size=6-8.5,Font=latinmode
rn-math.otf,Style=MathScript},{Size=-6,Font=latinmodern-math.otf,Style=MathScri
ptScript}},BoldFont={latinmodern-math.otf},ScaleAgain=1.0001,FontAdjustment={\f
ontdimen
(fontspec)             8\font =6.77pt\relax \fontdimen 9\font =3.94pt\relax
(fontspec)             \fontdimen 10\font =4.44pt\relax \fontdimen 11\font
(fontspec)             =6.86pt\relax \fontdimen 12\font =3.45pt\relax
(fontspec)             \fontdimen 13\font =3.63pt\relax \fontdimen 14\font
(fontspec)             =3.63pt\relax \fontdimen 15\font =2.89pt\relax
(fontspec)             \fontdimen 16\font =2.47pt\relax \fontdimen 17\font
(fontspec)             =2.47pt\relax \fontdimen 18\font =2.5pt\relax
(fontspec)             \fontdimen 19\font =2.0pt\relax \fontdimen 22\font
(fontspec)             =2.5pt\relax \fontdimen 20\font =0pt\relax \fontdimen
(fontspec)             21\font =0pt\relax }].
(fontspec)              
(fontspec)              This font family consists of the following NFSS
(fontspec)             series/shapes:
(fontspec)              
(fontspec)             - 'normal' (m/n) with NFSS spec.:
(fontspec)             <8.5->s*[1.000096459334209]"[latinmodern-math.otf]/OT:sc
ript=math;language=dflt;"<6-8.5>s*[1.000096459334209]"[latinmodern-math.otf]/OT
:script=math;language=dflt;+ssty=0;"<-6>s*[1.000096459334209]"[latinmodern-math
.otf]/OT:script=math;language=dflt;+ssty=1;"
(fontspec)             - 'small caps'  (m/sc) with NFSS spec.: 
(fontspec)             and font adjustment code:
(fontspec)             \fontdimen 8\font =6.77pt\relax \fontdimen 9\font
(fontspec)             =3.94pt\relax \fontdimen 10\font =4.44pt\relax
(fontspec)             \fontdimen 11\font =6.86pt\relax \fontdimen 12\font
(fontspec)             =3.45pt\relax \fontdimen 13\font =3.63pt\relax
(fontspec)             \fontdimen 14\font =3.63pt\relax \fontdimen 15\font
(fontspec)             =2.89pt\relax \fontdimen 16\font =2.47pt\relax
(fontspec)             \fontdimen 17\font =2.47pt\relax \fontdimen 18\font
(fontspec)             =2.5pt\relax \fontdimen 19\font =2.0pt\relax \fontdimen
(fontspec)             22\font =2.5pt\relax \fontdimen 20\font =0pt\relax
(fontspec)             \fontdimen 21\font =0pt\relax 
(fontspec)             - 'bold' (b/n) with NFSS spec.:
(fontspec)             <->s*[1.000096459334209]"[latinmodern-math.otf]/OT:scrip
t=math;language=dflt;"
(fontspec)             - 'bold small caps'  (b/sc) with NFSS spec.: 
(fontspec)             and font adjustment code:
(fontspec)             \fontdimen 8\font =6.77pt\relax \fontdimen 9\font
(fontspec)             =3.94pt\relax \fontdimen 10\font =4.44pt\relax
(fontspec)             \fontdimen 11\font =6.86pt\relax \fontdimen 12\font
(fontspec)             =3.45pt\relax \fontdimen 13\font =3.63pt\relax
(fontspec)             \fontdimen 14\font =3.63pt\relax \fontdimen 15\font
(fontspec)             =2.89pt\relax \fontdimen 16\font =2.47pt\relax
(fontspec)             \fontdimen 17\font =2.47pt\relax \fontdimen 18\font
(fontspec)             =2.5pt\relax \fontdimen 19\font =2.0pt\relax \fontdimen
(fontspec)             22\font =2.5pt\relax \fontdimen 20\font =0pt\relax
(fontspec)             \fontdimen 21\font =0pt\relax 

LaTeX Font Info:    Encoding `OMS' has changed to `TU' for symbol font
(Font)              `symbols' in the math version `normal' on input line 133.
LaTeX Font Info:    Overwriting symbol font `symbols' in version `normal'
(Font)                  OMS/lmsy/m/n --> TU/latinmodern-math.otf(2)/m/n on inpu
t line 133.
LaTeX Font Info:    Encoding `OMS' has changed to `TU' for symbol font
(Font)              `symbols' in the math version `bold' on input line 133.
LaTeX Font Info:    Overwriting symbol font `symbols' in version `bold'
(Font)                  OMS/lmsy/b/n --> TU/latinmodern-math.otf(2)/b/n on inpu
t line 133.

Package fontspec Info: latinmodern-math scale = 0.9999964596882403.


Package fontspec Info: latinmodern-math scale = 0.9998964600422715.


Package fontspec Info: latinmodern-math scale = 0.9999964596882403.


Package fontspec Info: latinmodern-math scale = 0.9998964600422715.


Package fontspec Info: latinmodern-math scale = 0.9999964596882403.


Package fontspec Info: latinmodern-math scale = 0.9998964600422715.


Package fontspec Info: latinmodern-math scale = 0.9999964596882403.


Package fontspec Info: latinmodern-math scale = 0.9998964600422715.


Package fontspec Info: latinmodern-math scale = 0.9999964596882403.


Package fontspec Info: latinmodern-math scale = 0.9998964600422715.


Package fontspec Info: Font family 'latinmodern-math.otf(3)' created for font
(fontspec)             'latinmodern-math.otf' with options
(fontspec)             [Scale=MatchLowercase,BoldItalicFont={},ItalicFont={},Sm
allCapsFont={},Script=Math,SizeFeatures={{Size=8.5-},{Size=6-8.5,Font=latinmode
rn-math.otf,Style=MathScript},{Size=-6,Font=latinmodern-math.otf,Style=MathScri
ptScript}},BoldFont={latinmodern-math.otf},ScaleAgain=0.9999,FontAdjustment={\f
ontdimen
(fontspec)             8\font =0.4pt\relax \fontdimen 9\font =2.0pt\relax
(fontspec)             \fontdimen 10\font =1.67pt\relax \fontdimen 11\font
(fontspec)             =1.11pt\relax \fontdimen 12\font =6.0pt\relax
(fontspec)             \fontdimen 13\font =0pt\relax }].
(fontspec)              
(fontspec)              This font family consists of the following NFSS
(fontspec)             series/shapes:
(fontspec)              
(fontspec)             - 'normal' (m/n) with NFSS spec.:
(fontspec)             <8.5->s*[0.9998964600422715]"[latinmodern-math.otf]/OT:s
cript=math;language=dflt;"<6-8.5>s*[0.9998964600422715]"[latinmodern-math.otf]/
OT:script=math;language=dflt;+ssty=0;"<-6>s*[0.9998964600422715]"[latinmodern-m
ath.otf]/OT:script=math;language=dflt;+ssty=1;"
(fontspec)             - 'small caps'  (m/sc) with NFSS spec.: 
(fontspec)             and font adjustment code:
(fontspec)             \fontdimen 8\font =0.4pt\relax \fontdimen 9\font
(fontspec)             =2.0pt\relax \fontdimen 10\font =1.67pt\relax
(fontspec)             \fontdimen 11\font =1.11pt\relax \fontdimen 12\font
(fontspec)             =6.0pt\relax \fontdimen 13\font =0pt\relax 
(fontspec)             - 'bold' (b/n) with NFSS spec.:
(fontspec)             <->s*[0.9998964600422715]"[latinmodern-math.otf]/OT:scri
pt=math;language=dflt;"
(fontspec)             - 'bold small caps'  (b/sc) with NFSS spec.: 
(fontspec)             and font adjustment code:
(fontspec)             \fontdimen 8\font =0.4pt\relax \fontdimen 9\font
(fontspec)             =2.0pt\relax \fontdimen 10\font =1.67pt\relax
(fontspec)             \fontdimen 11\font =1.11pt\relax \fontdimen 12\font
(fontspec)             =6.0pt\relax \fontdimen 13\font =0pt\relax 

LaTeX Font Info:    Encoding `OMX' has changed to `TU' for symbol font
(Font)              `largesymbols' in the math version `normal' on input line 1
33.
LaTeX Font Info:    Overwriting symbol font `largesymbols' in version `normal'
(Font)                  OMX/lmex/m/n --> TU/latinmodern-math.otf(3)/m/n on inpu
t line 133.
LaTeX Font Info:    Encoding `OMX' has changed to `TU' for symbol font
(Font)              `largesymbols' in the math version `bold' on input line 133
.
LaTeX Font Info:    Overwriting symbol font `largesymbols' in version `bold'
(Font)                  OMX/lmex/m/n --> TU/latinmodern-math.otf(3)/b/n on inpu
t line 133.
Package hyperref Info: Link coloring OFF on input line 133.

(c:/Users/djow_/AppData/Roaming/TinyTeX/texmf-dist/tex/latex/hyperref/nameref.s
ty
Package: nameref 2019/09/16 v2.46 Cross-referencing by name of section

(c:/Users/djow_/AppData/Roaming/TinyTeX/texmf-dist/tex/latex/refcount/refcount.
sty
Package: refcount 2019/12/15 v3.6 Data extraction from label references (HO)
)
(c:/Users/djow_/AppData/Roaming/TinyTeX/texmf-dist/tex/generic/gettitlestring/g
ettitlestring.sty
Package: gettitlestring 2019/12/15 v1.6 Cleanup title references (HO)
)
\c@section@level=\count309
)
LaTeX Info: Redefining \ref on input line 133.
LaTeX Info: Redefining \pageref on input line 133.
LaTeX Info: Redefining \nameref on input line 133.
(./SisCont_Labs.out) (./SisCont_Labs.out)
\@outlinefile=\write4
\openout4 = `SisCont_Labs.out'.

LaTeX Font Info:    Font shape `TU/latinmodern-math.otf(1)/m/n' will be
(Font)              scaled to size 12.0pt on input line 135.
LaTeX Font Info:    Font shape `TU/latinmodern-math.otf(1)/m/n' will be
(Font)              scaled to size 8.0pt on input line 135.
LaTeX Font Info:    Font shape `TU/latinmodern-math.otf(1)/m/n' will be
(Font)              scaled to size 6.0pt on input line 135.
LaTeX Font Info:    Trying to load font information for OML+lmm on input line 1
35.
(c:/Users/djow_/AppData/Roaming/TinyTeX/texmf-dist/tex/latex/lm/omllmm.fd
File: omllmm.fd 2009/10/30 v1.6 Font defs for Latin Modern
)
LaTeX Font Info:    Font shape `TU/latinmodern-math.otf(2)/m/n' will be
(Font)              scaled to size 12.0011pt on input line 135.
LaTeX Font Info:    Font shape `TU/latinmodern-math.otf(2)/m/n' will be
(Font)              scaled to size 8.00073pt on input line 135.
LaTeX Font Info:    Font shape `TU/latinmodern-math.otf(2)/m/n' will be
(Font)              scaled to size 6.00055pt on input line 135.
LaTeX Font Info:    Font shape `TU/latinmodern-math.otf(3)/m/n' will be
(Font)              scaled to size 11.99872pt on input line 135.
LaTeX Font Info:    Font shape `TU/latinmodern-math.otf(3)/m/n' will be
(Font)              scaled to size 7.99915pt on input line 135.
LaTeX Font Info:    Font shape `TU/latinmodern-math.otf(3)/m/n' will be
(Font)              scaled to size 5.99936pt on input line 135.
LaTeX Font Info:    Trying to load font information for U+msa on input line 135
.
(c:/Users/djow_/AppData/Roaming/TinyTeX/texmf-dist/tex/latex/amsfonts/umsa.fd
File: umsa.fd 2013/01/14 v3.01 AMS symbols A
)
LaTeX Font Info:    Trying to load font information for U+msb on input line 135
.
(c:/Users/djow_/AppData/Roaming/TinyTeX/texmf-dist/tex/latex/amsfonts/umsb.fd
File: umsb.fd 2013/01/14 v3.01 AMS symbols B
) [1


] [2

] (./SisCont_Labs.toc
LaTeX Font Info:    Font shape `TU/latinmodern-math.otf(1)/m/n' will be
(Font)              scaled to size 7.0pt on input line 4.
LaTeX Font Info:    Font shape `TU/latinmodern-math.otf(1)/m/n' will be
(Font)              scaled to size 5.0pt on input line 4.
LaTeX Font Info:    Font shape `TU/latinmodern-math.otf(2)/m/n' will be
(Font)              scaled to size 10.00092pt on input line 4.
LaTeX Font Info:    Font shape `TU/latinmodern-math.otf(2)/m/n' will be
(Font)              scaled to size 7.00064pt on input line 4.
LaTeX Font Info:    Font shape `TU/latinmodern-math.otf(2)/m/n' will be
(Font)              scaled to size 5.00046pt on input line 4.
LaTeX Font Info:    Font shape `TU/latinmodern-math.otf(3)/m/n' will be
(Font)              scaled to size 9.99893pt on input line 4.
LaTeX Font Info:    Font shape `TU/latinmodern-math.otf(3)/m/n' will be
(Font)              scaled to size 6.99925pt on input line 4.
LaTeX Font Info:    Font shape `TU/latinmodern-math.otf(3)/m/n' will be
(Font)              scaled to size 4.99947pt on input line 4.
[3] [4] [5])
\tf@toc=\write5
\openout5 = `SisCont_Labs.toc'.

[6] [7

] [8

]
Chapter 1.
[9] [10

]
Chapter 2.
[11] [12] [13

]
File: Imagens/Lab2/tau1.jpg Graphic file (type bmp)
<Imagens/Lab2/tau1.jpg>
[14]
File: Imagens/Lab2/tau2.jpg Graphic file (type bmp)
<Imagens/Lab2/tau2.jpg>
[15]
File: Imagens/Lab2/sim1.jpg Graphic file (type bmp)
<Imagens/Lab2/sim1.jpg>
File: Imagens/Lab2/resultSim1.jpg Graphic file (type bmp)
<Imagens/Lab2/resultSim1.jpg>
[16]
File: Imagens/Lab2/tau3.jpg Graphic file (type bmp)
<Imagens/Lab2/tau3.jpg>
File: Imagens/Lab2/sim2.jpg Graphic file (type bmp)
<Imagens/Lab2/sim2.jpg>

Underfull \vbox (badness 10000) has occurred while \output is active []

[17]
File: Imagens/Lab2/resultSim2.jpg Graphic file (type bmp)
<Imagens/Lab2/resultSim2.jpg>
[18]
File: Imagens/Lab2/prob2.jpg Graphic file (type bmp)
<Imagens/Lab2/prob2.jpg>
File: Imagens/Lab2/simP2.jpg Graphic file (type bmp)
<Imagens/Lab2/simP2.jpg>
[19]
File: Imagens/Lab2/prob2B.jpg Graphic file (type bmp)
<Imagens/Lab2/prob2B.jpg>
[20]
File: Imagens/Lab2/prob3.jpg Graphic file (type bmp)
<Imagens/Lab2/prob3.jpg>

Underfull \vbox (badness 10000) has occurred while \output is active []

[21]
File: Imagens/Lab2/modelSim3.jpg Graphic file (type bmp)
<Imagens/Lab2/modelSim3.jpg>

Underfull \vbox (badness 10000) has occurred while \output is active []

[22]
File: Imagens/Lab2/prob3Sim.jpg Graphic file (type bmp)
<Imagens/Lab2/prob3Sim.jpg>

Underfull \vbox (badness 10000) has occurred while \output is active []

[23] [24]
File: Imagens/Lab2/prob4.jpg Graphic file (type bmp)
<Imagens/Lab2/prob4.jpg>
File: imagens/Lab2/prob41.jpg Graphic file (type bmp)
<imagens/Lab2/prob41.jpg>

Underfull \vbox (badness 10000) has occurred while \output is active []

[25]
File: Imagens/Lab2/prob4Varios.jpg Graphic file (type bmp)
<Imagens/Lab2/prob4Varios.jpg>

Underfull \vbox (badness 10000) has occurred while \output is active []

[26]
File: Imagens/Lab2/modelSim4.jpg Graphic file (type bmp)
<Imagens/Lab2/modelSim4.jpg>

Underfull \vbox (badness 10000) has occurred while \output is active []

[27]
File: Imagens/Lab2/prob4SimResult.jpg Graphic file (type bmp)
<Imagens/Lab2/prob4SimResult.jpg>

Underfull \vbox (badness 10000) has occurred while \output is active []

[28] [29]
File: Imagens/Lab2/prob5.jpg Graphic file (type bmp)
<Imagens/Lab2/prob5.jpg>
File: imagens/Lab2/prob5Sim.jpg Graphic file (type bmp)
<imagens/Lab2/prob5Sim.jpg>

Underfull \vbox (badness 10000) has occurred while \output is active []

[30]
File: Imagens/Lab2/prob5Varios.jpg Graphic file (type bmp)
<Imagens/Lab2/prob5Varios.jpg>

Underfull \vbox (badness 10000) has occurred while \output is active []

[31]
File: Imagens/Lab2/modelSim5.jpg Graphic file (type bmp)
<Imagens/Lab2/modelSim5.jpg>

Underfull \vbox (badness 10000) has occurred while \output is active []

[32]
File: Imagens/Lab2/prob5SimResult.jpg Graphic file (type bmp)
<Imagens/Lab2/prob5SimResult.jpg>

Underfull \vbox (badness 3612) has occurred while \output is active []

[33]
File: Imagens/Lab2/prob6A.jpg Graphic file (type bmp)
<Imagens/Lab2/prob6A.jpg>

Underfull \vbox (badness 1810) has occurred while \output is active []

[34]
File: Imagens/Lab2/prob6B.jpg Graphic file (type bmp)
<Imagens/Lab2/prob6B.jpg>
[35]
File: Imagens/Lab2/prob6C.jpg Graphic file (type bmp)
<Imagens/Lab2/prob6C.jpg>
[36]
Chapter 3.
[37

]
File: Imagens/Lab3/Explicação/fig1.jpg Graphic file (type bmp)
<Imagens/Lab3/Explicação/fig1.jpg>
[38]
File: Imagens/Lab3/Explicação/fig2.jpg Graphic file (type bmp)
<Imagens/Lab3/Explicação/fig2.jpg>
[39]
File: Imagens/Lab3/Explicação/fig3.jpg Graphic file (type bmp)
<Imagens/Lab3/Explicação/fig3.jpg>
[40] [41] [42

]
File: Imagens/Lab3/Resolução/prob1A.jpg Graphic file (type bmp)
<Imagens/Lab3/Resolução/prob1A.jpg>
[43]
File: Imagens/Lab3/Resolução/prob1B.jpg Graphic file (type bmp)
<Imagens/Lab3/Resolução/prob1B.jpg>
[44]
File: Imagens/Lab3/Resolução/prob2A.jpg Graphic file (type bmp)
<Imagens/Lab3/Resolução/prob2A.jpg>
File: Imagens/Lab3/Resolução/prob2B.jpg Graphic file (type bmp)
<Imagens/Lab3/Resolução/prob2B.jpg>

Underfull \vbox (badness 10000) has occurred while \output is active []

[45]
File: Imagens/Lab3/Resolução/prob3AA.jpg Graphic file (type bmp)
<Imagens/Lab3/Resolução/prob3AA.jpg>

Underfull \vbox (badness 3884) has occurred while \output is active []

[46]
File: Imagens/Lab3/Resolução/prob3AB.jpg Graphic file (type bmp)
<Imagens/Lab3/Resolução/prob3AB.jpg>
File: Imagens/Lab3/Resolução/prob3AC.jpg Graphic file (type bmp)
<Imagens/Lab3/Resolução/prob3AC.jpg>
[47]

LaTeX Warning: Reference `eq:eq55' on page 48 undefined on input line 893.

[48]
File: Imagens/Lab3/Resolução/prob3BA.jpg Graphic file (type bmp)
<Imagens/Lab3/Resolução/prob3BA.jpg>
File: Imagens/Lab3/Resolução/prob3BB.jpg Graphic file (type bmp)
<Imagens/Lab3/Resolução/prob3BB.jpg>

Underfull \vbox (badness 1082) has occurred while \output is active []

[49] [50]
Chapter 4.
[51

]
Overfull \hbox (1.36087pt too wide) detected at line 975
[]
 []

File: Imagens/Lab4/Apresentação/fig1.jpg Graphic file (type bmp)
<Imagens/Lab4/Apresentação/fig1.jpg>

Overfull \hbox (274.57115pt too wide) detected at line 987
[][][][] [] [][][][] [] [][][][] [] [][][][] [] [][][][][][][][][] [] [][][][][
][]   []  [][][][] [] [][][][][] [] [][][][][][]   []  [][][][] [] [] [] []
 []


Overfull \hbox (251.97905pt too wide) has occurred while \output is active
\TU/lmr/m/n/10 52 \TU/lmr/m/sl/10 CHAPTER 4.  RASTREAMENTO DE REFERÊNCIAS E REJ
EIÇÃO DE PERTURBAÇÕES - ERRO EM REGIME PERMANENTE
 []

[52]
Overfull \hbox (180.34149pt too wide) detected at line 1019
[][][][][] [] [] [] [] [] [] [] [] [][]  [] [] [] [] [] [] [] [][]
 []


Overfull \hbox (125.07266pt too wide) detected at line 1026
[][][][][] [] [] [] [] [] [][]  [] [] [] [] [] [] [][]
 []

[53]
File: Imagens/Lab4/Apresentação/fig2.jpg Graphic file (type bmp)
<Imagens/Lab4/Apresentação/fig2.jpg>

Overfull \hbox (251.97905pt too wide) has occurred while \output is active
\TU/lmr/m/n/10 54 \TU/lmr/m/sl/10 CHAPTER 4.  RASTREAMENTO DE REFERÊNCIAS E REJ
EIÇÃO DE PERTURBAÇÕES - ERRO EM REGIME PERMANENTE
 []

[54] [55]
Overfull \hbox (251.97905pt too wide) has occurred while \output is active
\TU/lmr/m/n/10 56 \TU/lmr/m/sl/10 CHAPTER 4.  RASTREAMENTO DE REFERÊNCIAS E REJ
EIÇÃO DE PERTURBAÇÕES - ERRO EM REGIME PERMANENTE
 []

[56

]
File: Imagens/Lab4/Apresentação/fig3.jpg Graphic file (type bmp)
<Imagens/Lab4/Apresentação/fig3.jpg>
File: Imagens/Lab4/Resolução/prob1A1.jpg Graphic file (type bmp)
<Imagens/Lab4/Resolução/prob1A1.jpg>
[57]
File: Imagens/Lab4/Resolução/prob1A2.jpg Graphic file (type bmp)
<Imagens/Lab4/Resolução/prob1A2.jpg>
File: Imagens/Lab4/Resolução/prob1C1.jpg Graphic file (type bmp)
<Imagens/Lab4/Resolução/prob1C1.jpg>

Overfull \hbox (251.97905pt too wide) has occurred while \output is active
\TU/lmr/m/n/10 58 \TU/lmr/m/sl/10 CHAPTER 4.  RASTREAMENTO DE REFERÊNCIAS E REJ
EIÇÃO DE PERTURBAÇÕES - ERRO EM REGIME PERMANENTE
 []

[58]
File: Imagens/Lab4/Resolução/prob1C2.jpg Graphic file (type bmp)
<Imagens/Lab4/Resolução/prob1C2.jpg>
[59]
Overfull \hbox (251.97905pt too wide) has occurred while \output is active
\TU/lmr/m/n/10 60 \TU/lmr/m/sl/10 CHAPTER 4.  RASTREAMENTO DE REFERÊNCIAS E REJ
EIÇÃO DE PERTURBAÇÕES - ERRO EM REGIME PERMANENTE
 []

[60]
Underfull \hbox (badness 10000) in paragraph at lines 1198--1199

 []

File: Imagens/Lab4/Resolução/prob2A1.jpg Graphic file (type bmp)
<Imagens/Lab4/Resolução/prob2A1.jpg>
File: Imagens/Lab4/Resolução/prob2A2.jpg Graphic file (type bmp)
<Imagens/Lab4/Resolução/prob2A2.jpg>
File: Imagens/Lab4/Resolução/prob2B1.jpg Graphic file (type bmp)
<Imagens/Lab4/Resolução/prob2B1.jpg>
File: Imagens/Lab4/Resolução/prob2B2.jpg Graphic file (type bmp)
<Imagens/Lab4/Resolução/prob2B2.jpg>
File: Imagens/Lab4/Resolução/prob2C1.jpg Graphic file (type bmp)
<Imagens/Lab4/Resolução/prob2C1.jpg>
File: Imagens/Lab4/Resolução/prob2D1.jpg Graphic file (type bmp)
<Imagens/Lab4/Resolução/prob2D1.jpg>
[61]
Overfull \hbox (251.97905pt too wide) has occurred while \output is active
\TU/lmr/m/n/10 62 \TU/lmr/m/sl/10 CHAPTER 4.  RASTREAMENTO DE REFERÊNCIAS E REJ
EIÇÃO DE PERTURBAÇÕES - ERRO EM REGIME PERMANENTE
 []

[62] [63]
Overfull \hbox (251.97905pt too wide) has occurred while \output is active
\TU/lmr/m/n/10 64 \TU/lmr/m/sl/10 CHAPTER 4.  RASTREAMENTO DE REFERÊNCIAS E REJ
EIÇÃO DE PERTURBAÇÕES - ERRO EM REGIME PERMANENTE
 []

[64]
File: Imagens/Lab4/Resolução/prob3A1.jpg Graphic file (type bmp)
<Imagens/Lab4/Resolução/prob3A1.jpg>
File: Imagens/Lab4/Resolução/prob3B1.jpg Graphic file (type bmp)
<Imagens/Lab4/Resolução/prob3B1.jpg>
File: Imagens/Lab4/Resolução/prob3C1.jpg Graphic file (type bmp)
<Imagens/Lab4/Resolução/prob3C1.jpg>
[65]
Overfull \hbox (251.97905pt too wide) has occurred while \output is active
\TU/lmr/m/n/10 66 \TU/lmr/m/sl/10 CHAPTER 4.  RASTREAMENTO DE REFERÊNCIAS E REJ
EIÇÃO DE PERTURBAÇÕES - ERRO EM REGIME PERMANENTE
 []

[66]
File: Imagens/Lab4/Resolução/prob3D1.jpg Graphic file (type bmp)
<Imagens/Lab4/Resolução/prob3D1.jpg>
File: Imagens/Lab4/Resolução/prob3E1.jpg Graphic file (type bmp)
<Imagens/Lab4/Resolução/prob3E1.jpg>
[67]
Overfull \hbox (251.97905pt too wide) has occurred while \output is active
\TU/lmr/m/n/10 68 \TU/lmr/m/sl/10 CHAPTER 4.  RASTREAMENTO DE REFERÊNCIAS E REJ
EIÇÃO DE PERTURBAÇÕES - ERRO EM REGIME PERMANENTE
 []

[68]
File: Imagens/Lab4/Resolução/prob4A1.jpg Graphic file (type bmp)
<Imagens/Lab4/Resolução/prob4A1.jpg>
File: Imagens/Lab4/Resolução/prob4B1.jpg Graphic file (type bmp)
<Imagens/Lab4/Resolução/prob4B1.jpg>
[69]
Overfull \hbox (251.97905pt too wide) has occurred while \output is active
\TU/lmr/m/n/10 70 \TU/lmr/m/sl/10 CHAPTER 4.  RASTREAMENTO DE REFERÊNCIAS E REJ
EIÇÃO DE PERTURBAÇÕES - ERRO EM REGIME PERMANENTE
 []

[70]
Chapter 5.
File: Imagens/Lab4/Apresentação/fig1.jpg Graphic file (type bmp)
<Imagens/Lab4/Apresentação/fig1.jpg>
[71

]
Overfull \hbox (40.28453pt too wide) has occurred while \output is active
\TU/lmr/m/n/10 72 \TU/lmr/m/sl/10 CHAPTER 5.  PROJETO DE CONTROLADORES POR MÉTO
DOS ALGÉBRICOS
 []

[72]
Overfull \hbox (463.00829pt too wide) detected at line 1484
[][][][] [] [][][][] [] [][][][] [] [][][][] [] [][][][][][][][][][][][][] [] [
][][][][][][][][][]   []  [][][][] [] [][][][][] [] [][][][][][] [][]
 []


Overfull \hbox (65.23848pt too wide) detected at line 1499
[][][][] [] [][][][][] [] [][][]  [] []
 []

[73]
Overfull \hbox (12.06529pt too wide) detected at line 1505
[][][][] [] [] [] [] [] [] [] [][] []
 []


Overfull \hbox (342.95207pt too wide) detected at line 1517
[][][][] [] [][][][][] [] [][][][][][]  [] [][] [] [][][]  [] []
 []


Overfull \hbox (56.6433pt too wide) detected at line 1524
[][][][] [] [] [] [] [] [][]  [] [] [] []
 []


Overfull \hbox (40.28453pt too wide) has occurred while \output is active
\TU/lmr/m/n/10 74 \TU/lmr/m/sl/10 CHAPTER 5.  PROJETO DE CONTROLADORES POR MÉTO
DOS ALGÉBRICOS
 []

[74] [75]
Overfull \hbox (40.28453pt too wide) has occurred while \output is active
\TU/lmr/m/n/10 76 \TU/lmr/m/sl/10 CHAPTER 5.  PROJETO DE CONTROLADORES POR MÉTO
DOS ALGÉBRICOS
 []

[76

]
File: Imagens/Lab5/Resolução/prob1A1.jpg Graphic file (type bmp)
<Imagens/Lab5/Resolução/prob1A1.jpg>
File: Imagens/Lab5/Resolução/prob1A2.jpg Graphic file (type bmp)
<Imagens/Lab5/Resolução/prob1A2.jpg>
[77]
Overfull \hbox (40.28453pt too wide) has occurred while \output is active
\TU/lmr/m/n/10 78 \TU/lmr/m/sl/10 CHAPTER 5.  PROJETO DE CONTROLADORES POR MÉTO
DOS ALGÉBRICOS
 []

[78]
File: Imagens/Lab5/Resolução/prob1C1.jpg Graphic file (type bmp)
<Imagens/Lab5/Resolução/prob1C1.jpg>
File: Imagens/Lab5/Resolução/prob1C2.jpg Graphic file (type bmp)
<Imagens/Lab5/Resolução/prob1C2.jpg>
File: Imagens/Lab5/Resolução/prob1D1.jpg Graphic file (type bmp)
<Imagens/Lab5/Resolução/prob1D1.jpg>
[79]
Overfull \hbox (40.28453pt too wide) has occurred while \output is active
\TU/lmr/m/n/10 80 \TU/lmr/m/sl/10 CHAPTER 5.  PROJETO DE CONTROLADORES POR MÉTO
DOS ALGÉBRICOS
 []

[80]
File: Imagens/Lab5/Resolução/prob2A1.jpg Graphic file (type bmp)
<Imagens/Lab5/Resolução/prob2A1.jpg>

Overfull \hbox (30.36313pt too wide) detected at line 1770
[][][][] [] []  []  [][][][] [] [][]   []  [][]
 []

File: Imagens/Lab5/Resolução/prob2C1.jpg Graphic file (type bmp)
<Imagens/Lab5/Resolução/prob2C1.jpg>
File: Imagens/Lab5/Resolução/prob2C2.jpg Graphic file (type bmp)
<Imagens/Lab5/Resolução/prob2C2.jpg>
[81]
Overfull \hbox (40.28453pt too wide) has occurred while \output is active
\TU/lmr/m/n/10 82 \TU/lmr/m/sl/10 CHAPTER 5.  PROJETO DE CONTROLADORES POR MÉTO
DOS ALGÉBRICOS
 []

[82]
File: Imagens/Lab5/Resolução/prob2D1.jpg Graphic file (type bmp)
<Imagens/Lab5/Resolução/prob2D1.jpg>
[83]
File: Imagens/Lab5/Resolução/prob3A1.jpg Graphic file (type bmp)
<Imagens/Lab5/Resolução/prob3A1.jpg>

Overfull \hbox (3.72426pt too wide) detected at line 1868
[][][][] [] []  []  []
 []


Overfull \hbox (40.28453pt too wide) has occurred while \output is active
\TU/lmr/m/n/10 84 \TU/lmr/m/sl/10 CHAPTER 5.  PROJETO DE CONTROLADORES POR MÉTO
DOS ALGÉBRICOS
 []

[84]
File: Imagens/Lab5/Resolução/prob3C1.jpg Graphic file (type bmp)
<Imagens/Lab5/Resolução/prob3C1.jpg>
File: Imagens/Lab5/Resolução/prob3C2.jpg Graphic file (type bmp)
<Imagens/Lab5/Resolução/prob3C2.jpg>
[85]
File: Imagens/Lab5/Resolução/prob4A1.jpg Graphic file (type bmp)
<Imagens/Lab5/Resolução/prob4A1.jpg>

Overfull \hbox (40.28453pt too wide) has occurred while \output is active
\TU/lmr/m/n/10 86 \TU/lmr/m/sl/10 CHAPTER 5.  PROJETO DE CONTROLADORES POR MÉTO
DOS ALGÉBRICOS
 []

[86] [87]
Overfull \hbox (40.28453pt too wide) has occurred while \output is active
\TU/lmr/m/n/10 88 \TU/lmr/m/sl/10 CHAPTER 5.  PROJETO DE CONTROLADORES POR MÉTO
DOS ALGÉBRICOS
 []

[88

]
Chapter 6.
File: Imagens/Lab6/Apresentação/fig1.jpg Graphic file (type bmp)
<Imagens/Lab6/Apresentação/fig1.jpg>
File: Imagens/Lab6/Apresentação/fig2.jpg Graphic file (type bmp)
<Imagens/Lab6/Apresentação/fig2.jpg>
[89] [90] [91]
Overfull \hbox (365.14763pt too wide) detected at line 2028
[][][][][][] [] [][][][] [] [] [] [][][][] [] [][][][][][][][] [][][][][] [] []
 [] [][] [][][][][][] [] [][] [][][][][][] []   []  [][]
 []


Overfull \hbox (333.52869pt too wide) detected at line 2035
[][][][][][] [] [][] [][][][][][] [] [] [] [][] [][][][][][] [] [][] [][][][][]
[]  [][][][][][] [] [][]  [] [] [][][][][][] [] [][] [][][][][][] [] [] [] [][]
 [][][][][][] [] [][] [][][][][][]  [][][][][][] [] [][][]
 []


Overfull \hbox (15.37332pt too wide) detected at line 2049
[][][][][] [] [][] [][][][][] [] [][] [][][][][] [] [][][]
 []

[92]
File: Imagens/Lab6/Apresentação/fig3.jpg Graphic file (type bmp)
<Imagens/Lab6/Apresentação/fig3.jpg>

Overfull \hbox (689.25pt too wide) in paragraph at lines 2090--2090
[]\TU/lmtt/m/n/10 Seja $X(s)$ a Transformada de Laplace de um sinal $x(t)$. Sup
onha que $X(s)$ ou $sX(s)$ tem todos os pólos no SPE. Então, o limite $x(\infty
) = \lim\limits_{t \to \infty}{x(t)}$ existe e é dado por[] 
 []


Overfull \hbox (54.0pt too wide) in paragraph at lines 2090--2090
[]\TU/lmtt/m/n/10 x(\infty) = \lim\limits_{t \to \infty}{x(t)} = \lim\limits_{s
 \to 0}{sX(s)}.[] 
 []

[93] [94] [95

] [96]
Chapter 7.
[97

] [98]
File: Imagens/Lab7/Apresentação/fig1.jpg Graphic file (type bmp)
<Imagens/Lab7/Apresentação/fig1.jpg>
File: Imagens/Lab7/Apresentação/fig2.jpg Graphic file (type bmp)
<Imagens/Lab7/Apresentação/fig2.jpg>

Overfull \hbox (80.13902pt too wide) has occurred while \output is active
\TU/lmr/m/sl/10 7.2.  PROJETO DE UM CONTROLADOR INTEGRAL PARA O SISTEMA DE UM T
ANQUE \TU/lmr/m/n/10 99
 []

[99]
Overfull \hbox (109.8831pt too wide) detected at line 2253
[][][][] [] [] [] [] [] [][]   []  [][][]
 []


Overfull \hbox (48.29495pt too wide) detected at line 2262
[][][][] [] [][][][][][]  []  [] [] [][][][] [] [][] [] [][][][][][]  []  [][] 
[] [] [] [][]  []  [][]
 []

[100]
File: Imagens/Lab7/Resolução/p1A1.jpg Graphic file (type bmp)
<Imagens/Lab7/Resolução/p1A1.jpg>
File: Imagens/Lab7/Resolução/p1B1.jpg Graphic file (type bmp)
<Imagens/Lab7/Resolução/p1B1.jpg>
[101

]
Underfull \vbox (badness 1701) has occurred while \output is active []

[102]
File: Imagens/Lab7/Resolução/p2.jpg Graphic file (type bmp)
<Imagens/Lab7/Resolução/p2.jpg>

Overfull \hbox (85.13902pt too wide) has occurred while \output is active
\TU/lmr/m/sl/10 7.2.  PROJETO DE UM CONTROLADOR INTEGRAL PARA O SISTEMA DE UM T
ANQUE \TU/lmr/m/n/10 103
 []

[103] [104

]
Chapter 8.
File: Imagens/Lab8/Apresentação/fig1.jpg Graphic file (type bmp)
<Imagens/Lab8/Apresentação/fig1.jpg>
[105]
LaTeX Font Info:    Font shape `TU/latinmodern-math.otf(1)/m/n' will be
(Font)              scaled to size 14.4pt on input line 2404.
LaTeX Font Info:    Font shape `TU/latinmodern-math.otf(2)/m/n' will be
(Font)              scaled to size 14.4013pt on input line 2404.
LaTeX Font Info:    Font shape `TU/latinmodern-math.otf(3)/m/n' will be
(Font)              scaled to size 14.39845pt on input line 2404.
[106]
Overfull \hbox (102.37032pt too wide) detected at line 2411
[] [] [][]  []  [][] [] [] [] [][] [] [][] [] [][][][] [] [][][][]   []  [][][]

 []


Overfull \hbox (216.06792pt too wide) has occurred while \output is active
\TU/lmr/m/sl/10 8.3.  DETERMINAÇÃO DO GANHO $[]$ PARA SISTEMAS EM MALHA-FECHADA
 DE PRIMEIRA E SEGUNDA ORDEM \TU/lmr/m/n/10 107
 []

[107] [108

]
File: Imagens/Lab8/Resolução/fig1.jpg Graphic file (type bmp)
<Imagens/Lab8/Resolução/fig1.jpg>
File: Imagens/Lab8/Resolução/fig1b.jpg Graphic file (type bmp)
<Imagens/Lab8/Resolução/fig1b.jpg>
File: Imagens/Lab8/Resolução/fig1c.jpg Graphic file (type bmp)
<Imagens/Lab8/Resolução/fig1c.jpg>
[109] [110]
Overfull \hbox (216.06792pt too wide) has occurred while \output is active
\TU/lmr/m/sl/10 8.3.  DETERMINAÇÃO DO GANHO $[]$ PARA SISTEMAS EM MALHA-FECHADA
 DE PRIMEIRA E SEGUNDA ORDEM \TU/lmr/m/n/10 111
 []

[111] [112]
File: Imagens/Lab8/Resolução/fig4.jpg Graphic file (type bmp)
<Imagens/Lab8/Resolução/fig4.jpg>
File: Imagens/Lab8/Resolução/fig2b1.jpg Graphic file (type bmp)
<Imagens/Lab8/Resolução/fig2b1.jpg>
File: Imagens/Lab8/Resolução/fig2b2.jpg Graphic file (type bmp)
<Imagens/Lab8/Resolução/fig2b2.jpg>

Overfull \hbox (216.06792pt too wide) has occurred while \output is active
\TU/lmr/m/sl/10 8.3.  DETERMINAÇÃO DO GANHO $[]$ PARA SISTEMAS EM MALHA-FECHADA
 DE PRIMEIRA E SEGUNDA ORDEM \TU/lmr/m/n/10 113
 []

[113] [114]
Overfull \hbox (216.06792pt too wide) has occurred while \output is active
\TU/lmr/m/sl/10 8.3.  DETERMINAÇÃO DO GANHO $[]$ PARA SISTEMAS EM MALHA-FECHADA
 DE PRIMEIRA E SEGUNDA ORDEM \TU/lmr/m/n/10 115
 []

[115]
File: Imagens/Lab8/Resolução/fig5.jpg Graphic file (type bmp)
<Imagens/Lab8/Resolução/fig5.jpg>
File: Imagens/Lab8/Resolução/fig3b.jpg Graphic file (type bmp)
<Imagens/Lab8/Resolução/fig3b.jpg>
File: Imagens/Lab8/Resolução/fig3c1.jpg Graphic file (type bmp)
<Imagens/Lab8/Resolução/fig3c1.jpg>
File: Imagens/Lab8/Resolução/fig3c2.jpg Graphic file (type bmp)
<Imagens/Lab8/Resolução/fig3c2.jpg>
[116]
Overfull \hbox (216.06792pt too wide) has occurred while \output is active
\TU/lmr/m/sl/10 8.3.  DETERMINAÇÃO DO GANHO $[]$ PARA SISTEMAS EM MALHA-FECHADA
 DE PRIMEIRA E SEGUNDA ORDEM \TU/lmr/m/n/10 117
 []

[117] [118]
Overfull \hbox (216.06792pt too wide) has occurred while \output is active
\TU/lmr/m/sl/10 8.3.  DETERMINAÇÃO DO GANHO $[]$ PARA SISTEMAS EM MALHA-FECHADA
 DE PRIMEIRA E SEGUNDA ORDEM \TU/lmr/m/n/10 119
 []

[119]
File: Imagens/Lab8/Resolução/fig6.jpg Graphic file (type bmp)
<Imagens/Lab8/Resolução/fig6.jpg>
File: Imagens/Lab8/Resolução/fig61.jpg Graphic file (type bmp)
<Imagens/Lab8/Resolução/fig61.jpg>
File: Imagens/Lab8/Resolução/fig4b1.jpg Graphic file (type bmp)
<Imagens/Lab8/Resolução/fig4b1.jpg>
File: Imagens/Lab8/Resolução/fig4c1.jpg Graphic file (type bmp)
<Imagens/Lab8/Resolução/fig4c1.jpg>
File: Imagens/Lab8/Resolução/fig4c2.jpg Graphic file (type bmp)
<Imagens/Lab8/Resolução/fig4c2.jpg>
[120]
Overfull \hbox (216.06792pt too wide) has occurred while \output is active
\TU/lmr/m/sl/10 8.3.  DETERMINAÇÃO DO GANHO $[]$ PARA SISTEMAS EM MALHA-FECHADA
 DE PRIMEIRA E SEGUNDA ORDEM \TU/lmr/m/n/10 121
 []

[121] [122]
Overfull \hbox (216.06792pt too wide) has occurred while \output is active
\TU/lmr/m/sl/10 8.3.  DETERMINAÇÃO DO GANHO $[]$ PARA SISTEMAS EM MALHA-FECHADA
 DE PRIMEIRA E SEGUNDA ORDEM \TU/lmr/m/n/10 123
 []

[123] [124]
File: Imagens/Lab8/Resolução/fig8.jpg Graphic file (type bmp)
<Imagens/Lab8/Resolução/fig8.jpg>

Overfull \hbox (216.06792pt too wide) has occurred while \output is active
\TU/lmr/m/sl/10 8.3.  DETERMINAÇÃO DO GANHO $[]$ PARA SISTEMAS EM MALHA-FECHADA
 DE PRIMEIRA E SEGUNDA ORDEM \TU/lmr/m/n/10 125
 []

[125] [126

]
Chapter 9.
[127]
File: Imagens/Lab9/Apresentação/fig1.jpg Graphic file (type bmp)
<Imagens/Lab9/Apresentação/fig1.jpg>

Overfull \hbox (28.05342pt too wide) has occurred while \output is active
\TU/lmr/m/n/10 128 \TU/lmr/m/sl/10 CHAPTER 9.  PROJETO DE CONTROLADORES PELO LU
GAR DAS RAÍZES
 []

[128] [129]
Overfull \hbox (28.05342pt too wide) has occurred while \output is active
\TU/lmr/m/n/10 130 \TU/lmr/m/sl/10 CHAPTER 9.  PROJETO DE CONTROLADORES PELO LU
GAR DAS RAÍZES
 []

[130] [131]
Overfull \hbox (28.05342pt too wide) has occurred while \output is active
\TU/lmr/m/n/10 132 \TU/lmr/m/sl/10 CHAPTER 9.  PROJETO DE CONTROLADORES PELO LU
GAR DAS RAÍZES
 []

[132] [133

]
Overfull \hbox (28.05342pt too wide) has occurred while \output is active
\TU/lmr/m/n/10 134 \TU/lmr/m/sl/10 CHAPTER 9.  PROJETO DE CONTROLADORES PELO LU
GAR DAS RAÍZES
 []

[134] [135]
Overfull \hbox (28.05342pt too wide) has occurred while \output is active
\TU/lmr/m/n/10 136 \TU/lmr/m/sl/10 CHAPTER 9.  PROJETO DE CONTROLADORES PELO LU
GAR DAS RAÍZES
 []

[136

]
Chapter 10.
File: Imagens/Lab10/Apresentação/fig1.jpg Graphic file (type bmp)
<Imagens/Lab10/Apresentação/fig1.jpg>
[137] [138]
Overfull \hbox (115.42012pt too wide) has occurred while \output is active
\TU/lmr/m/sl/10 10.4.  PROJETO DO CONTROLADOR PROPORCIONAL PARA AJUSTE DA MARGE
M DE FASE \TU/lmr/m/n/10 139
 []

[139] [140

]
File: Imagens/Lab10/Resolução/fig1.jpg Graphic file (type bmp)
<Imagens/Lab10/Resolução/fig1.jpg>
File: Imagens/Lab10/Resolução/fig2.jpg Graphic file (type bmp)
<Imagens/Lab10/Resolução/fig2.jpg>
File: Imagens/Lab10/Resolução/fig3.jpg Graphic file (type bmp)
<Imagens/Lab10/Resolução/fig3.jpg>
File: Imagens/Lab10/Resolução/fig4.jpg Graphic file (type bmp)
<Imagens/Lab10/Resolução/fig4.jpg>
[141] [142]
File: Imagens/Lab10/Resolução/fig5.jpg Graphic file (type bmp)
<Imagens/Lab10/Resolução/fig5.jpg>
File: Imagens/Lab10/Resolução/fig6.jpg Graphic file (type bmp)
<Imagens/Lab10/Resolução/fig6.jpg>
File: Imagens/Lab10/Resolução/fig7.jpg Graphic file (type bmp)
<Imagens/Lab10/Resolução/fig7.jpg>
File: Imagens/Lab10/Resolução/fig8.jpg Graphic file (type bmp)
<Imagens/Lab10/Resolução/fig8.jpg>

Overfull \hbox (115.42012pt too wide) has occurred while \output is active
\TU/lmr/m/sl/10 10.4.  PROJETO DO CONTROLADOR PROPORCIONAL PARA AJUSTE DA MARGE
M DE FASE \TU/lmr/m/n/10 143
 []

[143] [144]
File: Imagens/Lab10/Resolução/fig9a.jpg Graphic file (type bmp)
<Imagens/Lab10/Resolução/fig9a.jpg>
File: Imagens/Lab10/Resolução/fig10a.jpg Graphic file (type bmp)
<Imagens/Lab10/Resolução/fig10a.jpg>
File: Imagens/Lab10/Resolução/fig11a.jpg Graphic file (type bmp)
<Imagens/Lab10/Resolução/fig11a.jpg>
File: Imagens/Lab10/Resolução/fig12a.jpg Graphic file (type bmp)
<Imagens/Lab10/Resolução/fig12a.jpg>
File: Imagens/Lab10/Resolução/fig13a.jpg Graphic file (type bmp)
<Imagens/Lab10/Resolução/fig13a.jpg>

Overfull \hbox (115.42012pt too wide) has occurred while \output is active
\TU/lmr/m/sl/10 10.4.  PROJETO DO CONTROLADOR PROPORCIONAL PARA AJUSTE DA MARGE
M DE FASE \TU/lmr/m/n/10 145
 []

[145] [146]
Overfull \hbox (115.42012pt too wide) has occurred while \output is active
\TU/lmr/m/sl/10 10.4.  PROJETO DO CONTROLADOR PROPORCIONAL PARA AJUSTE DA MARGE
M DE FASE \TU/lmr/m/n/10 147
 []

[147]
File: Imagens/Lab10/Resolução/fig9b.jpg Graphic file (type bmp)
<Imagens/Lab10/Resolução/fig9b.jpg>
File: Imagens/Lab10/Resolução/fig10b.jpg Graphic file (type bmp)
<Imagens/Lab10/Resolução/fig10b.jpg>
File: Imagens/Lab10/Resolução/fig11b.jpg Graphic file (type bmp)
<Imagens/Lab10/Resolução/fig11b.jpg>
File: Imagens/Lab10/Resolução/fig12b.jpg Graphic file (type bmp)
<Imagens/Lab10/Resolução/fig12b.jpg>
File: Imagens/Lab10/Resolução/fig13b.jpg Graphic file (type bmp)
<Imagens/Lab10/Resolução/fig13b.jpg>
[148]
File: Imagens/Lab10/Resolução/fig14.jpg Graphic file (type bmp)
<Imagens/Lab10/Resolução/fig14.jpg>

Overfull \hbox (115.42012pt too wide) has occurred while \output is active
\TU/lmr/m/sl/10 10.4.  PROJETO DO CONTROLADOR PROPORCIONAL PARA AJUSTE DA MARGE
M DE FASE \TU/lmr/m/n/10 149
 []

[149]
File: Imagens/Lab10/Resolução/fig16a.jpg Graphic file (type bmp)
<Imagens/Lab10/Resolução/fig16a.jpg>
File: Imagens/Lab10/Resolução/fig16b.jpg Graphic file (type bmp)
<Imagens/Lab10/Resolução/fig16b.jpg>
File: Imagens/Lab10/Resolução/fig17a.jpg Graphic file (type bmp)
<Imagens/Lab10/Resolução/fig17a.jpg>
File: Imagens/Lab10/Resolução/fig17b.jpg Graphic file (type bmp)
<Imagens/Lab10/Resolução/fig17b.jpg>
File: Imagens/Lab10/Resolução/fig18a.jpg Graphic file (type bmp)
<Imagens/Lab10/Resolução/fig18a.jpg>
File: Imagens/Lab10/Resolução/fig18b.jpg Graphic file (type bmp)
<Imagens/Lab10/Resolução/fig18b.jpg>
File: Imagens/Lab10/Resolução/fig19a.jpg Graphic file (type bmp)
<Imagens/Lab10/Resolução/fig19a.jpg>
File: Imagens/Lab10/Resolução/fig19b.jpg Graphic file (type bmp)
<Imagens/Lab10/Resolução/fig19b.jpg>
File: Imagens/Lab10/Resolução/fig20.jpg Graphic file (type bmp)
<Imagens/Lab10/Resolução/fig20.jpg>

Underfull \vbox (badness 10000) has occurred while \output is active []

[150]
Overfull \hbox (115.42012pt too wide) has occurred while \output is active
\TU/lmr/m/sl/10 10.4.  PROJETO DO CONTROLADOR PROPORCIONAL PARA AJUSTE DA MARGE
M DE FASE \TU/lmr/m/n/10 151
 []

[151] [152]
File: Imagens/Lab10/Resolução/fig20b.jpg Graphic file (type bmp)
<Imagens/Lab10/Resolução/fig20b.jpg>

Overfull \hbox (115.42012pt too wide) has occurred while \output is active
\TU/lmr/m/sl/10 10.4.  PROJETO DO CONTROLADOR PROPORCIONAL PARA AJUSTE DA MARGE
M DE FASE \TU/lmr/m/n/10 153
 []

[153]
File: Imagens/Lab10/Resolução/fig21a.jpg Graphic file (type bmp)
<Imagens/Lab10/Resolução/fig21a.jpg>
File: Imagens/Lab10/Resolução/fig21b.jpg Graphic file (type bmp)
<Imagens/Lab10/Resolução/fig21b.jpg>
[154]
File: Imagens/Lab10/Resolução/fig22a.jpg Graphic file (type bmp)
<Imagens/Lab10/Resolução/fig22a.jpg>
File: Imagens/Lab10/Resolução/fig22b.jpg Graphic file (type bmp)
<Imagens/Lab10/Resolução/fig22b.jpg>
File: Imagens/Lab10/Resolução/fig23a.jpg Graphic file (type bmp)
<Imagens/Lab10/Resolução/fig23a.jpg>
File: Imagens/Lab10/Resolução/fig23b.jpg Graphic file (type bmp)
<Imagens/Lab10/Resolução/fig23b.jpg>

Overfull \hbox (115.42012pt too wide) has occurred while \output is active
\TU/lmr/m/sl/10 10.4.  PROJETO DO CONTROLADOR PROPORCIONAL PARA AJUSTE DA MARGE
M DE FASE \TU/lmr/m/n/10 155
 []

[155] [156]
Chapter 11.
[157

]
Overfull \hbox (40.83342pt too wide) has occurred while \output is active
\TU/lmr/m/n/10 158 \TU/lmr/m/sl/10 CHAPTER 11.  PROJETO DE CONTROLADORES PELO D
IAGRAMA DE BODE
 []

[158

]
File: Imagens/Lab11/Resolução/fig1.jpg Graphic file (type bmp)
<Imagens/Lab11/Resolução/fig1.jpg>
[159]
File: Imagens/Lab11/Resolução/fig2.jpg Graphic file (type bmp)
<Imagens/Lab11/Resolução/fig2.jpg>
File: Imagens/Lab11/Resolução/fig3.jpg Graphic file (type bmp)
<Imagens/Lab11/Resolução/fig3.jpg>
File: Imagens/Lab11/Resolução/fig4.jpg Graphic file (type bmp)
<Imagens/Lab11/Resolução/fig4.jpg>

Overfull \hbox (40.83342pt too wide) has occurred while \output is active
\TU/lmr/m/n/10 160 \TU/lmr/m/sl/10 CHAPTER 11.  PROJETO DE CONTROLADORES PELO D
IAGRAMA DE BODE
 []

[160] [161]
File: Imagens/Lab11/Resolução/fig5.jpg Graphic file (type bmp)
<Imagens/Lab11/Resolução/fig5.jpg>

Overfull \hbox (40.83342pt too wide) has occurred while \output is active
\TU/lmr/m/n/10 162 \TU/lmr/m/sl/10 CHAPTER 11.  PROJETO DE CONTROLADORES PELO D
IAGRAMA DE BODE
 []

[162]
File: Imagens/Lab11/Resolução/fig6.jpg Graphic file (type bmp)
<Imagens/Lab11/Resolução/fig6.jpg>
File: Imagens/Lab11/Resolução/fig7.jpg Graphic file (type bmp)
<Imagens/Lab11/Resolução/fig7.jpg>
[163]
Overfull \hbox (40.83342pt too wide) has occurred while \output is active
\TU/lmr/m/n/10 164 \TU/lmr/m/sl/10 CHAPTER 11.  PROJETO DE CONTROLADORES PELO D
IAGRAMA DE BODE
 []

[164

]
Chapter 12.
[165]
Overfull \hbox (6.85674pt too wide) has occurred while \output is active
\TU/lmr/m/n/10 166 \TU/lmr/m/sl/10 CHAPTER 12.  DIGITALIZAÇÃO DE CONTROLADORES 
ANALÓGICOS
 []

[166

]
No file SisCont_Labs.bbl.
[167] (./SisCont_Labs.aux)
Package rerunfilecheck Info: File `SisCont_Labs.out' has not changed.
(rerunfilecheck)             Checksum: D02E46A583DF5CB1CAECF756D5B895A7;16573.

LaTeX Warning: There were undefined references.

 ) 
Here is how much of TeX's memory you used:
 19018 strings out of 479410
 353733 string characters out of 5878655
 802857 words of memory out of 5000000
 38016 multiletter control sequences out of 15000+600000
 542556 words of font info for 95 fonts, out of 8000000 for 9000
 16 hyphenation exceptions out of 8191
 94i,10n,118p,1043b,499s stack positions out of 5000i,500n,10000p,200000b,80000s

Output written on SisCont_Labs.pdf (167 pages).
